2024-10-18T12:41:37.108+02:00  INFO 4081 --- [springboot-esercizio2-giovanni-romano] [main] Esercizio2GiovanniRomanoApplicationTests : Starting SpringbootEsercizio2GiovanniRomanoApplicationTests using Java 23 with PID 4081 (started by giovanniromano in /Users/giovanniromano/IdeaProjects/spring-boot-projects/Romano-Esame/esercizio2/springboot-esercizio2-giovanni-romano)
2024-10-18T12:41:37.109+02:00  INFO 4081 --- [springboot-esercizio2-giovanni-romano] [main] Esercizio2GiovanniRomanoApplicationTests : No active profile set, falling back to 1 default profile: "default"
2024-10-18T12:41:37.821+02:00  INFO 4081 --- [springboot-esercizio2-giovanni-romano] [main] .s.d.r.c.RepositoryConfigurationDelegate : Bootstrapping Spring Data JPA repositories in DEFAULT mode.
2024-10-18T12:41:37.864+02:00  INFO 4081 --- [springboot-esercizio2-giovanni-romano] [main] .s.d.r.c.RepositoryConfigurationDelegate : Finished Spring Data repository scanning in 37 ms. Found 1 JPA repository interface.
2024-10-18T12:41:38.219+02:00  INFO 4081 --- [springboot-esercizio2-giovanni-romano] [main] o.hibernate.jpa.internal.util.LogHelper  : HHH000204: Processing PersistenceUnitInfo [name: default]
2024-10-18T12:41:38.261+02:00  INFO 4081 --- [springboot-esercizio2-giovanni-romano] [main] org.hibernate.Version                    : HHH000412: Hibernate ORM core version 6.5.3.Final
2024-10-18T12:41:38.288+02:00  INFO 4081 --- [springboot-esercizio2-giovanni-romano] [main] o.h.c.internal.RegionFactoryInitiator    : HHH000026: Second-level cache disabled
2024-10-18T12:41:38.608+02:00  INFO 4081 --- [springboot-esercizio2-giovanni-romano] [main] o.s.o.j.p.SpringPersistenceUnitInfo      : No LoadTimeWeaver setup: ignoring JPA class transformer
2024-10-18T12:41:38.632+02:00  INFO 4081 --- [springboot-esercizio2-giovanni-romano] [main] com.zaxxer.hikari.HikariDataSource       : HikariPool-1 - Starting...
2024-10-18T12:41:38.875+02:00  INFO 4081 --- [springboot-esercizio2-giovanni-romano] [main] com.zaxxer.hikari.pool.HikariPool        : HikariPool-1 - Added connection conn0: url=jdbc:h2:file:./data/demo user=ADMIN
2024-10-18T12:41:38.877+02:00  INFO 4081 --- [springboot-esercizio2-giovanni-romano] [main] com.zaxxer.hikari.HikariDataSource       : HikariPool-1 - Start completed.
2024-10-18T12:41:38.901+02:00  WARN 4081 --- [springboot-esercizio2-giovanni-romano] [main] org.hibernate.orm.deprecation            : HHH90000025: H2Dialect does not need to be specified explicitly using 'hibernate.dialect' (remove the property setting and it will be selected by default)
2024-10-18T12:41:39.581+02:00  INFO 4081 --- [springboot-esercizio2-giovanni-romano] [main] o.h.e.t.j.p.i.JtaPlatformInitiator       : HHH000489: No JTA platform available (set 'hibernate.transaction.jta.platform' to enable JTA platform integration)
2024-10-18T12:41:39.608+02:00  INFO 4081 --- [springboot-esercizio2-giovanni-romano] [main] j.LocalContainerEntityManagerFactoryBean : Initialized JPA EntityManagerFactory for persistence unit 'default'
2024-10-18T12:41:40.026+02:00  WARN 4081 --- [springboot-esercizio2-giovanni-romano] [main] JpaBaseConfiguration$JpaWebConfiguration : spring.jpa.open-in-view is enabled by default. Therefore, database queries may be performed during view rendering. Explicitly configure spring.jpa.open-in-view to disable this warning
2024-10-18T12:41:40.395+02:00  INFO 4081 --- [springboot-esercizio2-giovanni-romano] [main] o.s.b.a.h2.H2ConsoleAutoConfiguration    : H2 console available at '/h2-console'. Database available at 'jdbc:h2:file:./data/demo'
2024-10-18T12:41:40.458+02:00  INFO 4081 --- [springboot-esercizio2-giovanni-romano] [main] Esercizio2GiovanniRomanoApplicationTests : Started SpringbootEsercizio2GiovanniRomanoApplicationTests in 3.632 seconds (process running for 4.642)
2024-10-18T12:41:41.026+02:00  INFO 4081 --- [springboot-esercizio2-giovanni-romano] [SpringApplicationShutdownHook] j.LocalContainerEntityManagerFactoryBean : Closing JPA EntityManagerFactory for persistence unit 'default'
2024-10-18T12:41:41.048+02:00  INFO 4081 --- [springboot-esercizio2-giovanni-romano] [SpringApplicationShutdownHook] com.zaxxer.hikari.HikariDataSource       : HikariPool-1 - Shutdown initiated...
2024-10-18T12:41:41.051+02:00  INFO 4081 --- [springboot-esercizio2-giovanni-romano] [SpringApplicationShutdownHook] com.zaxxer.hikari.HikariDataSource       : HikariPool-1 - Shutdown completed.
2024-10-18T13:40:16.823+02:00  INFO 5814 --- [springboot-esercizio2-giovanni-romano] [main] Esercizio2GiovanniRomanoApplicationTests : Starting SpringbootEsercizio2GiovanniRomanoApplicationTests using Java 23 with PID 5814 (started by giovanniromano in /Users/giovanniromano/IdeaProjects/spring-boot-projects/Romano-Esame/esercizio2/springboot-esercizio2-giovanni-romano)
2024-10-18T13:40:16.829+02:00  INFO 5814 --- [springboot-esercizio2-giovanni-romano] [main] Esercizio2GiovanniRomanoApplicationTests : No active profile set, falling back to 1 default profile: "default"
2024-10-18T13:40:17.602+02:00  INFO 5814 --- [springboot-esercizio2-giovanni-romano] [main] .s.d.r.c.RepositoryConfigurationDelegate : Bootstrapping Spring Data JPA repositories in DEFAULT mode.
2024-10-18T13:40:17.656+02:00  INFO 5814 --- [springboot-esercizio2-giovanni-romano] [main] .s.d.r.c.RepositoryConfigurationDelegate : Finished Spring Data repository scanning in 44 ms. Found 1 JPA repository interface.
2024-10-18T13:40:18.056+02:00  INFO 5814 --- [springboot-esercizio2-giovanni-romano] [main] o.hibernate.jpa.internal.util.LogHelper  : HHH000204: Processing PersistenceUnitInfo [name: default]
2024-10-18T13:40:18.129+02:00  INFO 5814 --- [springboot-esercizio2-giovanni-romano] [main] org.hibernate.Version                    : HHH000412: Hibernate ORM core version 6.5.3.Final
2024-10-18T13:40:18.175+02:00  INFO 5814 --- [springboot-esercizio2-giovanni-romano] [main] o.h.c.internal.RegionFactoryInitiator    : HHH000026: Second-level cache disabled
2024-10-18T13:40:18.548+02:00  INFO 5814 --- [springboot-esercizio2-giovanni-romano] [main] o.s.o.j.p.SpringPersistenceUnitInfo      : No LoadTimeWeaver setup: ignoring JPA class transformer
2024-10-18T13:40:18.582+02:00  INFO 5814 --- [springboot-esercizio2-giovanni-romano] [main] com.zaxxer.hikari.HikariDataSource       : HikariPool-1 - Starting...
2024-10-18T13:40:18.844+02:00  INFO 5814 --- [springboot-esercizio2-giovanni-romano] [main] com.zaxxer.hikari.pool.HikariPool        : HikariPool-1 - Added connection conn0: url=jdbc:h2:file:./data/demo user=ADMIN
2024-10-18T13:40:18.846+02:00  INFO 5814 --- [springboot-esercizio2-giovanni-romano] [main] com.zaxxer.hikari.HikariDataSource       : HikariPool-1 - Start completed.
2024-10-18T13:40:18.877+02:00  WARN 5814 --- [springboot-esercizio2-giovanni-romano] [main] org.hibernate.orm.deprecation            : HHH90000025: H2Dialect does not need to be specified explicitly using 'hibernate.dialect' (remove the property setting and it will be selected by default)
2024-10-18T13:40:19.773+02:00  INFO 5814 --- [springboot-esercizio2-giovanni-romano] [main] o.h.e.t.j.p.i.JtaPlatformInitiator       : HHH000489: No JTA platform available (set 'hibernate.transaction.jta.platform' to enable JTA platform integration)
2024-10-18T13:40:19.803+02:00  INFO 5814 --- [springboot-esercizio2-giovanni-romano] [main] j.LocalContainerEntityManagerFactoryBean : Initialized JPA EntityManagerFactory for persistence unit 'default'
2024-10-18T13:40:20.276+02:00  WARN 5814 --- [springboot-esercizio2-giovanni-romano] [main] JpaBaseConfiguration$JpaWebConfiguration : spring.jpa.open-in-view is enabled by default. Therefore, database queries may be performed during view rendering. Explicitly configure spring.jpa.open-in-view to disable this warning
2024-10-18T13:40:20.708+02:00  INFO 5814 --- [springboot-esercizio2-giovanni-romano] [main] o.s.b.a.h2.H2ConsoleAutoConfiguration    : H2 console available at '/h2-console'. Database available at 'jdbc:h2:file:./data/demo'
2024-10-18T13:40:20.763+02:00  INFO 5814 --- [springboot-esercizio2-giovanni-romano] [main] Esercizio2GiovanniRomanoApplicationTests : Started SpringbootEsercizio2GiovanniRomanoApplicationTests in 4.221 seconds (process running for 5.323)
2024-10-18T13:40:21.425+02:00  INFO 5814 --- [springboot-esercizio2-giovanni-romano] [SpringApplicationShutdownHook] j.LocalContainerEntityManagerFactoryBean : Closing JPA EntityManagerFactory for persistence unit 'default'
2024-10-18T13:40:21.446+02:00  INFO 5814 --- [springboot-esercizio2-giovanni-romano] [SpringApplicationShutdownHook] com.zaxxer.hikari.HikariDataSource       : HikariPool-1 - Shutdown initiated...
2024-10-18T13:40:21.447+02:00  INFO 5814 --- [springboot-esercizio2-giovanni-romano] [SpringApplicationShutdownHook] com.zaxxer.hikari.HikariDataSource       : HikariPool-1 - Shutdown completed.
2024-10-18T13:40:46.227+02:00  INFO 5868 --- [springboot-esercizio2-giovanni-romano] [main] Esercizio2GiovanniRomanoApplicationTests : Starting SpringbootEsercizio2GiovanniRomanoApplicationTests using Java 23 with PID 5868 (started by giovanniromano in /Users/giovanniromano/IdeaProjects/spring-boot-projects/Romano-Esame/esercizio2/springboot-esercizio2-giovanni-romano)
2024-10-18T13:40:46.231+02:00  INFO 5868 --- [springboot-esercizio2-giovanni-romano] [main] Esercizio2GiovanniRomanoApplicationTests : No active profile set, falling back to 1 default profile: "default"
2024-10-18T13:40:46.857+02:00  INFO 5868 --- [springboot-esercizio2-giovanni-romano] [main] .s.d.r.c.RepositoryConfigurationDelegate : Bootstrapping Spring Data JPA repositories in DEFAULT mode.
2024-10-18T13:40:46.906+02:00  INFO 5868 --- [springboot-esercizio2-giovanni-romano] [main] .s.d.r.c.RepositoryConfigurationDelegate : Finished Spring Data repository scanning in 42 ms. Found 1 JPA repository interface.
2024-10-18T13:40:47.250+02:00  INFO 5868 --- [springboot-esercizio2-giovanni-romano] [main] o.hibernate.jpa.internal.util.LogHelper  : HHH000204: Processing PersistenceUnitInfo [name: default]
2024-10-18T13:40:47.291+02:00  INFO 5868 --- [springboot-esercizio2-giovanni-romano] [main] org.hibernate.Version                    : HHH000412: Hibernate ORM core version 6.5.3.Final
2024-10-18T13:40:47.325+02:00  INFO 5868 --- [springboot-esercizio2-giovanni-romano] [main] o.h.c.internal.RegionFactoryInitiator    : HHH000026: Second-level cache disabled
2024-10-18T13:40:47.587+02:00  INFO 5868 --- [springboot-esercizio2-giovanni-romano] [main] o.s.o.j.p.SpringPersistenceUnitInfo      : No LoadTimeWeaver setup: ignoring JPA class transformer
2024-10-18T13:40:47.613+02:00  INFO 5868 --- [springboot-esercizio2-giovanni-romano] [main] com.zaxxer.hikari.HikariDataSource       : HikariPool-1 - Starting...
2024-10-18T13:40:47.800+02:00  INFO 5868 --- [springboot-esercizio2-giovanni-romano] [main] com.zaxxer.hikari.pool.HikariPool        : HikariPool-1 - Added connection conn0: url=jdbc:h2:file:./data/demo user=ADMIN
2024-10-18T13:40:47.802+02:00  INFO 5868 --- [springboot-esercizio2-giovanni-romano] [main] com.zaxxer.hikari.HikariDataSource       : HikariPool-1 - Start completed.
2024-10-18T13:40:47.822+02:00  WARN 5868 --- [springboot-esercizio2-giovanni-romano] [main] org.hibernate.orm.deprecation            : HHH90000025: H2Dialect does not need to be specified explicitly using 'hibernate.dialect' (remove the property setting and it will be selected by default)
2024-10-18T13:40:48.497+02:00  INFO 5868 --- [springboot-esercizio2-giovanni-romano] [main] o.h.e.t.j.p.i.JtaPlatformInitiator       : HHH000489: No JTA platform available (set 'hibernate.transaction.jta.platform' to enable JTA platform integration)
2024-10-18T13:40:48.521+02:00  INFO 5868 --- [springboot-esercizio2-giovanni-romano] [main] j.LocalContainerEntityManagerFactoryBean : Initialized JPA EntityManagerFactory for persistence unit 'default'
2024-10-18T13:40:48.913+02:00  WARN 5868 --- [springboot-esercizio2-giovanni-romano] [main] JpaBaseConfiguration$JpaWebConfiguration : spring.jpa.open-in-view is enabled by default. Therefore, database queries may be performed during view rendering. Explicitly configure spring.jpa.open-in-view to disable this warning
2024-10-18T13:40:49.249+02:00  INFO 5868 --- [springboot-esercizio2-giovanni-romano] [main] o.s.b.a.h2.H2ConsoleAutoConfiguration    : H2 console available at '/h2-console'. Database available at 'jdbc:h2:file:./data/demo'
2024-10-18T13:40:49.299+02:00  INFO 5868 --- [springboot-esercizio2-giovanni-romano] [main] Esercizio2GiovanniRomanoApplicationTests : Started SpringbootEsercizio2GiovanniRomanoApplicationTests in 3.296 seconds (process running for 4.138)
2024-10-18T13:40:49.896+02:00  INFO 5868 --- [springboot-esercizio2-giovanni-romano] [SpringApplicationShutdownHook] j.LocalContainerEntityManagerFactoryBean : Closing JPA EntityManagerFactory for persistence unit 'default'
2024-10-18T13:40:49.899+02:00  INFO 5868 --- [springboot-esercizio2-giovanni-romano] [SpringApplicationShutdownHook] com.zaxxer.hikari.HikariDataSource       : HikariPool-1 - Shutdown initiated...
2024-10-18T13:40:49.903+02:00  INFO 5868 --- [springboot-esercizio2-giovanni-romano] [SpringApplicationShutdownHook] com.zaxxer.hikari.HikariDataSource       : HikariPool-1 - Shutdown completed.
